# JRE version: Java(TM) SE Runtime Environment (8.0_144-b01) (build 1.8.0_144-b01)
# Java VM: Java HotSpot(TM) 64-Bit Server VM (25.144-b01 mixed mode windows-amd64 compressed oops)
Heap:
 PSYoungGen      total 338944K, used 219377K [0x00000000eab00000, 0x00000000ffe00000, 0x0000000100000000)
  eden space 330752K, 66% used [0x00000000eab00000,0x00000000f80dc6e8,0x00000000fee00000)
  from space 8192K, 4% used [0x00000000ff580000,0x00000000ff5e0000,0x00000000ffd80000)
  to   space 7680K, 0% used [0x00000000fee00000,0x00000000fee00000,0x00000000ff580000)
 ParOldGen       total 699392K, used 85272K [0x00000000c0000000, 0x00000000eab00000, 0x00000000eab00000)
  object space 699392K, 12% used [0x00000000c0000000,0x00000000c5346060,0x00000000eab00000)
 Metaspace       used 135390K, capacity 152317K, committed 180632K, reserved 1206272K
  class space    used 18221K, capacity 19258K, committed 24728K, reserved 1048576K
GC Heap History (10 events):
Event: 10661.322 GC heap before
{Heap before GC invocations=1116 (full 350):
 PSYoungGen      total 337920K, used 164873K [0x00000000eab00000, 0x00000000ffe80000, 0x0000000100000000)
  eden space 328704K, 49% used [0x00000000eab00000,0x00000000f4b5a4a8,0x00000000fec00000)
  from space 9216K, 7% used [0x00000000fec00000,0x00000000feca8000,0x00000000ff500000)
  to   space 8704K, 0% used [0x00000000ff600000,0x00000000ff600000,0x00000000ffe80000)
 ParOldGen       total 699392K, used 85398K [0x00000000c0000000, 0x00000000eab00000, 0x00000000eab00000)
  object space 699392K, 12% used [0x00000000c0000000,0x00000000c5365a38,0x00000000eab00000)
 Metaspace       used 135342K, capacity 152269K, committed 180632K, reserved 1206272K
  class space    used 18210K, capacity 19244K, committed 24728K, reserved 1048576K
Event: 10661.328 GC heap after
Heap after GC invocations=1116 (full 350):
 PSYoungGen      total 337920K, used 256K [0x00000000eab00000, 0x00000000ffd80000, 0x0000000100000000)
  eden space 330240K, 0% used [0x00000000eab00000,0x00000000eab00000,0x00000000fed80000)
  from space 7680K, 3% used [0x00000000ff600000,0x00000000ff640000,0x00000000ffd80000)
  to   space 8192K, 0% used [0x00000000fed80000,0x00000000fed80000,0x00000000ff580000)
 ParOldGen       total 699392K, used 85398K [0x00000000c0000000, 0x00000000eab00000, 0x00000000eab00000)
  object space 699392K, 12% used [0x00000000c0000000,0x00000000c5365a38,0x00000000eab00000)
 Metaspace       used 135342K, capacity 152269K, committed 180632K, reserved 1206272K
  class space    used 18210K, capacity 19244K, committed 24728K, reserved 1048576K
}
Event: 10661.329 GC heap before
{Heap before GC invocations=1117 (full 351):
 PSYoungGen      total 337920K, used 256K [0x00000000eab00000, 0x00000000ffd80000, 0x0000000100000000)
  eden space 330240K, 0% used [0x00000000eab00000,0x00000000eab00000,0x00000000fed80000)
  from space 7680K, 3% used [0x00000000ff600000,0x00000000ff640000,0x00000000ffd80000)
  to   space 8192K, 0% used [0x00000000fed80000,0x00000000fed80000,0x00000000ff580000)
 ParOldGen       total 699392K, used 85398K [0x00000000c0000000, 0x00000000eab00000, 0x00000000eab00000)
  object space 699392K, 12% used [0x00000000c0000000,0x00000000c5365a38,0x00000000eab00000)
 Metaspace       used 135342K, capacity 152269K, committed 180632K, reserved 1206272K
  class space    used 18210K, capacity 19244K, committed 24728K, reserved 1048576K
Event: 10661.676 GC heap after
Heap after GC invocations=1117 (full 351):
 PSYoungGen      total 337920K, used 0K [0x00000000eab00000, 0x00000000ffd80000, 0x0000000100000000)
  eden space 330240K, 0% used [0x00000000eab00000,0x00000000eab00000,0x00000000fed80000)
  from space 7680K, 0% used [0x00000000ff600000,0x00000000ff600000,0x00000000ffd80000)
  to   space 8192K, 0% used [0x00000000fed80000,0x00000000fed80000,0x00000000ff580000)
 ParOldGen       total 699392K, used 85275K [0x00000000c0000000, 0x00000000eab00000, 0x00000000eab00000)
  object space 699392K, 12% used [0x00000000c0000000,0x00000000c5346d70,0x00000000eab00000)
 Metaspace       used 135342K, capacity 152269K, committed 180632K, reserved 1206272K
  class space    used 18210K, capacity 19244K, committed 24728K, reserved 1048576K
}
Event: 10661.677 GC heap before
{Heap before GC invocations=1118 (full 351):
 PSYoungGen      total 337920K, used 5681K [0x00000000eab00000, 0x00000000ffd80000, 0x0000000100000000)
  eden space 330240K, 1% used [0x00000000eab00000,0x00000000eb08c4c8,0x00000000fed80000)
  from space 7680K, 0% used [0x00000000ff600000,0x00000000ff600000,0x00000000ffd80000)
  to   space 8192K, 0% used [0x00000000fed80000,0x00000000fed80000,0x00000000ff580000)
 ParOldGen       total 699392K, used 85275K [0x00000000c0000000, 0x00000000eab00000, 0x00000000eab00000)
  object space 699392K, 12% used [0x00000000c0000000,0x00000000c5346d70,0x00000000eab00000)
 Metaspace       used 135342K, capacity 152269K, committed 180632K, reserved 1206272K
  class space    used 18210K, capacity 19244K, committed 24728K, reserved 1048576K
Event: 10661.681 GC heap after
Heap after GC invocations=1118 (full 351):
 PSYoungGen      total 338432K, used 64K [0x00000000eab00000, 0x00000000ffd80000, 0x0000000100000000)
  eden space 330240K, 0% used [0x00000000eab00000,0x00000000eab00000,0x00000000fed80000)
  from space 8192K, 0% used [0x00000000fed80000,0x00000000fed90000,0x00000000ff580000)
  to   space 8192K, 0% used [0x00000000ff580000,0x00000000ff580000,0x00000000ffd80000)
 ParOldGen       total 699392K, used 85275K [0x00000000c0000000, 0x00000000eab00000, 0x00000000eab00000)
  object space 699392K, 12% used [0x00000000c0000000,0x00000000c5346d70,0x00000000eab00000)
 Metaspace       used 135342K, capacity 152269K, committed 180632K, reserved 1206272K
  class space    used 18210K, capacity 19244K, committed 24728K, reserved 1048576K
}
Event: 10661.682 GC heap before
{Heap before GC invocations=1119 (full 352):
 PSYoungGen      total 338432K, used 64K [0x00000000eab00000, 0x00000000ffd80000, 0x0000000100000000)
  eden space 330240K, 0% used [0x00000000eab00000,0x00000000eab00000,0x00000000fed80000)
  from space 8192K, 0% used [0x00000000fed80000,0x00000000fed90000,0x00000000ff580000)
  to   space 8192K, 0% used [0x00000000ff580000,0x00000000ff580000,0x00000000ffd80000)
 ParOldGen       total 699392K, used 85275K [0x00000000c0000000, 0x00000000eab00000, 0x00000000eab00000)
  object space 699392K, 12% used [0x00000000c0000000,0x00000000c5346d70,0x00000000eab00000)
 Metaspace       used 135342K, capacity 152269K, committed 180632K, reserved 1206272K
  class space    used 18210K, capacity 19244K, committed 24728K, reserved 1048576K
Event: 10661.909 GC heap after
Heap after GC invocations=1119 (full 352):
 PSYoungGen      total 338432K, used 0K [0x00000000eab00000, 0x00000000ffd80000, 0x0000000100000000)
  eden space 330240K, 0% used [0x00000000eab00000,0x00000000eab00000,0x00000000fed80000)
  from space 8192K, 0% used [0x00000000fed80000,0x00000000fed80000,0x00000000ff580000)
  to   space 8192K, 0% used [0x00000000ff580000,0x00000000ff580000,0x00000000ffd80000)
 ParOldGen       total 699392K, used 85272K [0x00000000c0000000, 0x00000000eab00000, 0x00000000eab00000)
  object space 699392K, 12% used [0x00000000c0000000,0x00000000c5346060,0x00000000eab00000)
 Metaspace       used 135342K, capacity 152269K, committed 180632K, reserved 1206272K
  class space    used 18210K, capacity 19244K, committed 24728K, reserved 1048576K
}
Event: 10684.005 GC heap before
{Heap before GC invocations=1120 (full 352):
 PSYoungGen      total 338432K, used 330240K [0x00000000eab00000, 0x00000000ffd80000, 0x0000000100000000)
  eden space 330240K, 100% used [0x00000000eab00000,0x00000000fed80000,0x00000000fed80000)
  from space 8192K, 0% used [0x00000000fed80000,0x00000000fed80000,0x00000000ff580000)
  to   space 8192K, 0% used [0x00000000ff580000,0x00000000ff580000,0x00000000ffd80000)
 ParOldGen       total 699392K, used 85272K [0x00000000c0000000, 0x00000000eab00000, 0x00000000eab00000)
  object space 699392K, 12% used [0x00000000c0000000,0x00000000c5346060,0x00000000eab00000)
 Metaspace       used 135342K, capacity 152269K, committed 180632K, reserved 1206272K
  class space    used 18210K, capacity 19244K, committed 24728K, reserved 1048576K
Event: 10684.010 GC heap after
Heap after GC invocations=1120 (full 352):
 PSYoungGen      total 338944K, used 384K [0x00000000eab00000, 0x00000000ffe00000, 0x0000000100000000)
  eden space 330752K, 0% used [0x00000000eab00000,0x00000000eab00000,0x00000000fee00000)
  from space 8192K, 4% used [0x00000000ff580000,0x00000000ff5e0000,0x00000000ffd80000)
  to   space 7680K, 0% used [0x00000000fee00000,0x00000000fee00000,0x00000000ff580000)
 ParOldGen       total 699392K, used 85272K [0x00000000c0000000, 0x00000000eab00000, 0x00000000eab00000)
  object space 699392K, 12% used [0x00000000c0000000,0x00000000c5346060,0x00000000eab00000)
 Metaspace       used 135342K, capacity 152269K, committed 180632K, reserved 1206272K
  class space    used 18210K, capacity 19244K, committed 24728K, reserved 1048576K
}

