# JRE version: Java(TM) SE Runtime Environment (8.0_144-b01) (build 1.8.0_144-b01)
# Java VM: Java HotSpot(TM) 64-Bit Server VM (25.144-b01 mixed mode windows-amd64 compressed oops)
Heap:
 PSYoungGen      total 303616K, used 276076K [0x00000000eab00000, 0x00000000ffa00000, 0x0000000100000000)
  eden space 263168K, 98% used [0x00000000eab00000,0x00000000fa857048,0x00000000fac00000)
  from space 40448K, 41% used [0x00000000fac00000,0x00000000fbc44060,0x00000000fd380000)
  to   space 38400K, 0% used [0x00000000fd480000,0x00000000fd480000,0x00000000ffa00000)
 ParOldGen       total 699392K, used 115497K [0x00000000c0000000, 0x00000000eab00000, 0x00000000eab00000)
  object space 699392K, 16% used [0x00000000c0000000,0x00000000c70ca650,0x00000000eab00000)
 Metaspace       used 167286K, capacity 187125K, committed 187392K, reserved 1216512K
  class space    used 22340K, capacity 23434K, committed 23552K, reserved 1048576K
GC Heap History (10 events):
Event: 2652.005 GC heap before
{Heap before GC invocations=335 (full 94):
 PSYoungGen      total 294912K, used 271808K [0x00000000eab00000, 0x00000000ff400000, 0x0000000100000000)
  eden space 259072K, 100% used [0x00000000eab00000,0x00000000fa800000,0x00000000fa800000)
  from space 35840K, 35% used [0x00000000fd100000,0x00000000fdd70000,0x00000000ff400000)
  to   space 38912K, 0% used [0x00000000fa800000,0x00000000fa800000,0x00000000fce00000)
 ParOldGen       total 699392K, used 115481K [0x00000000c0000000, 0x00000000eab00000, 0x00000000eab00000)
  object space 699392K, 16% used [0x00000000c0000000,0x00000000c70c6650,0x00000000eab00000)
 Metaspace       used 167193K, capacity 187061K, committed 187392K, reserved 1216512K
  class space    used 22340K, capacity 23434K, committed 23552K, reserved 1048576K
Event: 2652.031 GC heap after
Heap after GC invocations=335 (full 94):
 PSYoungGen      total 297984K, used 19920K [0x00000000eab00000, 0x00000000ff580000, 0x0000000100000000)
  eden space 259072K, 0% used [0x00000000eab00000,0x00000000eab00000,0x00000000fa800000)
  from space 38912K, 51% used [0x00000000fa800000,0x00000000fbb74090,0x00000000fce00000)
  to   space 38400K, 0% used [0x00000000fd000000,0x00000000fd000000,0x00000000ff580000)
 ParOldGen       total 699392K, used 115481K [0x00000000c0000000, 0x00000000eab00000, 0x00000000eab00000)
  object space 699392K, 16% used [0x00000000c0000000,0x00000000c70c6650,0x00000000eab00000)
 Metaspace       used 167193K, capacity 187061K, committed 187392K, reserved 1216512K
  class space    used 22340K, capacity 23434K, committed 23552K, reserved 1048576K
}
Event: 2653.996 GC heap before
{Heap before GC invocations=336 (full 94):
 PSYoungGen      total 297984K, used 278992K [0x00000000eab00000, 0x00000000ff580000, 0x0000000100000000)
  eden space 259072K, 100% used [0x00000000eab00000,0x00000000fa800000,0x00000000fa800000)
  from space 38912K, 51% used [0x00000000fa800000,0x00000000fbb74090,0x00000000fce00000)
  to   space 38400K, 0% used [0x00000000fd000000,0x00000000fd000000,0x00000000ff580000)
 ParOldGen       total 699392K, used 115481K [0x00000000c0000000, 0x00000000eab00000, 0x00000000eab00000)
  object space 699392K, 16% used [0x00000000c0000000,0x00000000c70c6650,0x00000000eab00000)
 Metaspace       used 167213K, capacity 187125K, committed 187392K, reserved 1216512K
  class space    used 22340K, capacity 23434K, committed 23552K, reserved 1048576K
Event: 2654.023 GC heap after
Heap after GC invocations=336 (full 94):
 PSYoungGen      total 299520K, used 22064K [0x00000000eab00000, 0x00000000ff680000, 0x0000000100000000)
  eden space 261120K, 0% used [0x00000000eab00000,0x00000000eab00000,0x00000000faa00000)
  from space 38400K, 57% used [0x00000000fd000000,0x00000000fe58c070,0x00000000ff580000)
  to   space 38912K, 0% used [0x00000000faa00000,0x00000000faa00000,0x00000000fd000000)
 ParOldGen       total 699392K, used 115489K [0x00000000c0000000, 0x00000000eab00000, 0x00000000eab00000)
  object space 699392K, 16% used [0x00000000c0000000,0x00000000c70c8650,0x00000000eab00000)
 Metaspace       used 167213K, capacity 187125K, committed 187392K, reserved 1216512K
  class space    used 22340K, capacity 23434K, committed 23552K, reserved 1048576K
}
Event: 2656.570 GC heap before
{Heap before GC invocations=337 (full 94):
 PSYoungGen      total 299520K, used 283184K [0x00000000eab00000, 0x00000000ff680000, 0x0000000100000000)
  eden space 261120K, 100% used [0x00000000eab00000,0x00000000faa00000,0x00000000faa00000)
  from space 38400K, 57% used [0x00000000fd000000,0x00000000fe58c070,0x00000000ff580000)
  to   space 38912K, 0% used [0x00000000faa00000,0x00000000faa00000,0x00000000fd000000)
 ParOldGen       total 699392K, used 115489K [0x00000000c0000000, 0x00000000eab00000, 0x00000000eab00000)
  object space 699392K, 16% used [0x00000000c0000000,0x00000000c70c8650,0x00000000eab00000)
 Metaspace       used 167221K, capacity 187125K, committed 187392K, reserved 1216512K
  class space    used 22340K, capacity 23434K, committed 23552K, reserved 1048576K
Event: 2656.597 GC heap after
Heap after GC invocations=337 (full 94):
 PSYoungGen      total 300032K, used 23648K [0x00000000eab00000, 0x00000000ffa80000, 0x0000000100000000)
  eden space 261120K, 0% used [0x00000000eab00000,0x00000000eab00000,0x00000000faa00000)
  from space 38912K, 60% used [0x00000000faa00000,0x00000000fc118050,0x00000000fd000000)
  to   space 39936K, 0% used [0x00000000fd380000,0x00000000fd380000,0x00000000ffa80000)
 ParOldGen       total 699392K, used 115497K [0x00000000c0000000, 0x00000000eab00000, 0x00000000eab00000)
  object space 699392K, 16% used [0x00000000c0000000,0x00000000c70ca650,0x00000000eab00000)
 Metaspace       used 167221K, capacity 187125K, committed 187392K, reserved 1216512K
  class space    used 22340K, capacity 23434K, committed 23552K, reserved 1048576K
}
Event: 2658.775 GC heap before
{Heap before GC invocations=338 (full 94):
 PSYoungGen      total 300032K, used 284768K [0x00000000eab00000, 0x00000000ffa80000, 0x0000000100000000)
  eden space 261120K, 100% used [0x00000000eab00000,0x00000000faa00000,0x00000000faa00000)
  from space 38912K, 60% used [0x00000000faa00000,0x00000000fc118050,0x00000000fd000000)
  to   space 39936K, 0% used [0x00000000fd380000,0x00000000fd380000,0x00000000ffa80000)
 ParOldGen       total 699392K, used 115497K [0x00000000c0000000, 0x00000000eab00000, 0x00000000eab00000)
  object space 699392K, 16% used [0x00000000c0000000,0x00000000c70ca650,0x00000000eab00000)
 Metaspace       used 167221K, capacity 187125K, committed 187392K, reserved 1216512K
  class space    used 22340K, capacity 23434K, committed 23552K, reserved 1048576K
Event: 2658.827 GC heap after
Heap after GC invocations=338 (full 94):
 PSYoungGen      total 303104K, used 24080K [0x00000000eab00000, 0x00000000ffc00000, 0x0000000100000000)
  eden space 263168K, 0% used [0x00000000eab00000,0x00000000eab00000,0x00000000fac00000)
  from space 39936K, 60% used [0x00000000fd380000,0x00000000feb04060,0x00000000ffa80000)
  to   space 40448K, 0% used [0x00000000fac00000,0x00000000fac00000,0x00000000fd380000)
 ParOldGen       total 699392K, used 115497K [0x00000000c0000000, 0x00000000eab00000, 0x00000000eab00000)
  object space 699392K, 16% used [0x00000000c0000000,0x00000000c70ca650,0x00000000eab00000)
 Metaspace       used 167221K, capacity 187125K, committed 187392K, reserved 1216512K
  class space    used 22340K, capacity 23434K, committed 23552K, reserved 1048576K
}
Event: 2662.023 GC heap before
{Heap before GC invocations=339 (full 94):
 PSYoungGen      total 303104K, used 287248K [0x00000000eab00000, 0x00000000ffc00000, 0x0000000100000000)
  eden space 263168K, 100% used [0x00000000eab00000,0x00000000fac00000,0x00000000fac00000)
  from space 39936K, 60% used [0x00000000fd380000,0x00000000feb04060,0x00000000ffa80000)
  to   space 40448K, 0% used [0x00000000fac00000,0x00000000fac00000,0x00000000fd380000)
 ParOldGen       total 699392K, used 115497K [0x00000000c0000000, 0x00000000eab00000, 0x00000000eab00000)
  object space 699392K, 16% used [0x00000000c0000000,0x00000000c70ca650,0x00000000eab00000)
 Metaspace       used 167264K, capacity 187125K, committed 187392K, reserved 1216512K
  class space    used 22340K, capacity 23434K, committed 23552K, reserved 1048576K
Event: 2662.067 GC heap after
Heap after GC invocations=339 (full 94):
 PSYoungGen      total 303616K, used 16656K [0x00000000eab00000, 0x00000000ffa00000, 0x0000000100000000)
  eden space 263168K, 0% used [0x00000000eab00000,0x00000000eab00000,0x00000000fac00000)
  from space 40448K, 41% used [0x00000000fac00000,0x00000000fbc44060,0x00000000fd380000)
  to   space 38400K, 0% used [0x00000000fd480000,0x00000000fd480000,0x00000000ffa00000)
 ParOldGen       total 699392K, used 115497K [0x00000000c0000000, 0x00000000eab00000, 0x00000000eab00000)
  object space 699392K, 16% used [0x00000000c0000000,0x00000000c70ca650,0x00000000eab00000)
 Metaspace       used 167264K, capacity 187125K, committed 187392K, reserved 1216512K
  class space    used 22340K, capacity 23434K, committed 23552K, reserved 1048576K
}

