# JRE version: Java(TM) SE Runtime Environment (8.0_40-b26) (build 1.8.0_40-b26)
# Java VM: Java HotSpot(TM) 64-Bit Server VM (25.40-b25 mixed mode windows-amd64 compressed oops)
Heap:
 PSYoungGen      total 190464K, used 38756K [0x00000000eab00000, 0x00000000fb900000, 0x0000000100000000)
  eden space 168960K, 10% used [0x00000000eab00000,0x00000000ebbe10a8,0x00000000f5000000)
  from space 21504K, 99% used [0x00000000f5000000,0x00000000f64f8020,0x00000000f6500000)
  to   space 32256K, 0% used [0x00000000f9980000,0x00000000f9980000,0x00000000fb900000)
 ParOldGen       total 599552K, used 37441K [0x00000000c0000000, 0x00000000e4980000, 0x00000000eab00000)
  object space 599552K, 6% used [0x00000000c0000000,0x00000000c24904b8,0x00000000e4980000)
 Metaspace       used 58348K, capacity 65316K, committed 65408K, reserved 1105920K
  class space    used 8185K, capacity 8566K, committed 8576K, reserved 1048576K
GC Heap History (10 events):
Event: 3.490 GC heap before
{Heap before GC invocations=4 (full 2):
 PSYoungGen      total 153088K, used 13220K [0x00000000eab00000, 0x00000000f8680000, 0x0000000100000000)
  eden space 131584K, 0% used [0x00000000eab00000,0x00000000eab00000,0x00000000f2b80000)
  from space 21504K, 61% used [0x00000000f4080000,0x00000000f4d69318,0x00000000f5580000)
  to   space 21504K, 0% used [0x00000000f2b80000,0x00000000f2b80000,0x00000000f4080000)
 ParOldGen       total 349696K, used 14669K [0x00000000c0000000, 0x00000000d5580000, 0x00000000eab00000)
  object space 349696K, 4% used [0x00000000c0000000,0x00000000c0e53740,0x00000000d5580000)
 Metaspace       used 33634K, capacity 35378K, committed 35416K, reserved 1079296K
  class space    used 4772K, capacity 4955K, committed 4992K, reserved 1048576K
Event: 3.568 GC heap after
Heap after GC invocations=4 (full 2):
 PSYoungGen      total 153088K, used 0K [0x00000000eab00000, 0x00000000f8680000, 0x0000000100000000)
  eden space 131584K, 0% used [0x00000000eab00000,0x00000000eab00000,0x00000000f2b80000)
  from space 21504K, 0% used [0x00000000f4080000,0x00000000f4080000,0x00000000f5580000)
  to   space 21504K, 0% used [0x00000000f2b80000,0x00000000f2b80000,0x00000000f4080000)
 ParOldGen       total 412672K, used 18435K [0x00000000c0000000, 0x00000000d9300000, 0x00000000eab00000)
  object space 412672K, 4% used [0x00000000c0000000,0x00000000c1200fd0,0x00000000d9300000)
 Metaspace       used 33634K, capacity 35378K, committed 35416K, reserved 1079296K
  class space    used 4772K, capacity 4955K, committed 4992K, reserved 1048576K
}
Event: 6.281 GC heap before
{Heap before GC invocations=5 (full 2):
 PSYoungGen      total 153088K, used 131584K [0x00000000eab00000, 0x00000000f8680000, 0x0000000100000000)
  eden space 131584K, 100% used [0x00000000eab00000,0x00000000f2b80000,0x00000000f2b80000)
  from space 21504K, 0% used [0x00000000f4080000,0x00000000f4080000,0x00000000f5580000)
  to   space 21504K, 0% used [0x00000000f2b80000,0x00000000f2b80000,0x00000000f4080000)
 ParOldGen       total 412672K, used 18435K [0x00000000c0000000, 0x00000000d9300000, 0x00000000eab00000)
  object space 412672K, 4% used [0x00000000c0000000,0x00000000c1200fd0,0x00000000d9300000)
 Metaspace       used 49982K, capacity 53566K, committed 53888K, reserved 1095680K
  class space    used 6639K, capacity 6918K, committed 7040K, reserved 1048576K
Event: 6.312 GC heap after
Heap after GC invocations=5 (full 2):
 PSYoungGen      total 153088K, used 21477K [0x00000000eab00000, 0x00000000f7a00000, 0x0000000100000000)
  eden space 131584K, 0% used [0x00000000eab00000,0x00000000eab00000,0x00000000f2b80000)
  from space 21504K, 99% used [0x00000000f2b80000,0x00000000f4079420,0x00000000f4080000)
  to   space 21504K, 0% used [0x00000000f6500000,0x00000000f6500000,0x00000000f7a00000)
 ParOldGen       total 412672K, used 25384K [0x00000000c0000000, 0x00000000d9300000, 0x00000000eab00000)
  object space 412672K, 6% used [0x00000000c0000000,0x00000000c18ca090,0x00000000d9300000)
 Metaspace       used 49982K, capacity 53566K, committed 53888K, reserved 1095680K
  class space    used 6639K, capacity 6918K, committed 7040K, reserved 1048576K
}
Event: 7.306 GC heap before
{Heap before GC invocations=6 (full 2):
 PSYoungGen      total 153088K, used 47348K [0x00000000eab00000, 0x00000000f7a00000, 0x0000000100000000)
  eden space 131584K, 19% used [0x00000000eab00000,0x00000000ec443d88,0x00000000f2b80000)
  from space 21504K, 99% used [0x00000000f2b80000,0x00000000f4079420,0x00000000f4080000)
  to   space 21504K, 0% used [0x00000000f6500000,0x00000000f6500000,0x00000000f7a00000)
 ParOldGen       total 412672K, used 25384K [0x00000000c0000000, 0x00000000d9300000, 0x00000000eab00000)
  object space 412672K, 6% used [0x00000000c0000000,0x00000000c18ca090,0x00000000d9300000)
 Metaspace       used 53428K, capacity 58918K, committed 59028K, reserved 1101824K
  class space    used 7363K, capacity 7700K, committed 7808K, reserved 1048576K
Event: 7.339 GC heap after
Heap after GC invocations=6 (full 2):
 PSYoungGen      total 190464K, used 21375K [0x00000000eab00000, 0x00000000f8400000, 0x0000000100000000)
  eden space 168960K, 0% used [0x00000000eab00000,0x00000000eab00000,0x00000000f5000000)
  from space 21504K, 99% used [0x00000000f6500000,0x00000000f79dfec0,0x00000000f7a00000)
  to   space 21504K, 0% used [0x00000000f5000000,0x00000000f5000000,0x00000000f6500000)
 ParOldGen       total 412672K, used 25392K [0x00000000c0000000, 0x00000000d9300000, 0x00000000eab00000)
  object space 412672K, 6% used [0x00000000c0000000,0x00000000c18cc090,0x00000000d9300000)
 Metaspace       used 53428K, capacity 58918K, committed 59028K, reserved 1101824K
  class space    used 7363K, capacity 7700K, committed 7808K, reserved 1048576K
}
Event: 7.339 GC heap before
{Heap before GC invocations=7 (full 3):
 PSYoungGen      total 190464K, used 21375K [0x00000000eab00000, 0x00000000f8400000, 0x0000000100000000)
  eden space 168960K, 0% used [0x00000000eab00000,0x00000000eab00000,0x00000000f5000000)
  from space 21504K, 99% used [0x00000000f6500000,0x00000000f79dfec0,0x00000000f7a00000)
  to   space 21504K, 0% used [0x00000000f5000000,0x00000000f5000000,0x00000000f6500000)
 ParOldGen       total 412672K, used 25392K [0x00000000c0000000, 0x00000000d9300000, 0x00000000eab00000)
  object space 412672K, 6% used [0x00000000c0000000,0x00000000c18cc090,0x00000000d9300000)
 Metaspace       used 53428K, capacity 58918K, committed 59028K, reserved 1101824K
  class space    used 7363K, capacity 7700K, committed 7808K, reserved 1048576K
Event: 7.590 GC heap after
Heap after GC invocations=7 (full 3):
 PSYoungGen      total 190464K, used 0K [0x00000000eab00000, 0x00000000f8400000, 0x0000000100000000)
  eden space 168960K, 0% used [0x00000000eab00000,0x00000000eab00000,0x00000000f5000000)
  from space 21504K, 0% used [0x00000000f6500000,0x00000000f6500000,0x00000000f7a00000)
  to   space 21504K, 0% used [0x00000000f5000000,0x00000000f5000000,0x00000000f6500000)
 ParOldGen       total 599552K, used 31602K [0x00000000c0000000, 0x00000000e4980000, 0x00000000eab00000)
  object space 599552K, 5% used [0x00000000c0000000,0x00000000c1edc848,0x00000000e4980000)
 Metaspace       used 53423K, capacity 58906K, committed 59028K, reserved 1101824K
  class space    used 7362K, capacity 7696K, committed 7808K, reserved 1048576K
}
Event: 17.324 GC heap before
{Heap before GC invocations=8 (full 3):
 PSYoungGen      total 190464K, used 168960K [0x00000000eab00000, 0x00000000f8400000, 0x0000000100000000)
  eden space 168960K, 100% used [0x00000000eab00000,0x00000000f5000000,0x00000000f5000000)
  from space 21504K, 0% used [0x00000000f6500000,0x00000000f6500000,0x00000000f7a00000)
  to   space 21504K, 0% used [0x00000000f5000000,0x00000000f5000000,0x00000000f6500000)
 ParOldGen       total 599552K, used 31602K [0x00000000c0000000, 0x00000000e4980000, 0x00000000eab00000)
  object space 599552K, 5% used [0x00000000c0000000,0x00000000c1edc848,0x00000000e4980000)
 Metaspace       used 58265K, capacity 65240K, committed 65408K, reserved 1105920K
  class space    used 8185K, capacity 8566K, committed 8576K, reserved 1048576K
Event: 17.383 GC heap after
Heap after GC invocations=8 (full 3):
 PSYoungGen      total 190464K, used 21472K [0x00000000eab00000, 0x00000000fb900000, 0x0000000100000000)
  eden space 168960K, 0% used [0x00000000eab00000,0x00000000eab00000,0x00000000f5000000)
  from space 21504K, 99% used [0x00000000f5000000,0x00000000f64f8020,0x00000000f6500000)
  to   space 32256K, 0% used [0x00000000f9980000,0x00000000f9980000,0x00000000fb900000)
 ParOldGen       total 599552K, used 37441K [0x00000000c0000000, 0x00000000e4980000, 0x00000000eab00000)
  object space 599552K, 6% used [0x00000000c0000000,0x00000000c24904b8,0x00000000e4980000)
 Metaspace       used 58265K, capacity 65240K, committed 65408K, reserved 1105920K
  class space    used 8185K, capacity 8566K, committed 8576K, reserved 1048576K
}

