# JRE version: Java(TM) SE Runtime Environment (8.0_144-b01) (build 1.8.0_144-b01)
# Java VM: Java HotSpot(TM) 64-Bit Server VM (25.144-b01 mixed mode windows-amd64 compressed oops)
Heap:
 PSYoungGen      total 153088K, used 32612K [0x00000000eab00000, 0x00000000f9f00000, 0x0000000100000000)
  eden space 131584K, 8% used [0x00000000eab00000,0x00000000eb5e06a8,0x00000000f2b80000)
  from space 21504K, 99% used [0x00000000f2b80000,0x00000000f4078ce0,0x00000000f4080000)
  to   space 21504K, 0% used [0x00000000f8a00000,0x00000000f8a00000,0x00000000f9f00000)
 ParOldGen       total 368128K, used 25583K [0x00000000c0000000, 0x00000000d6780000, 0x00000000eab00000)
  object space 368128K, 6% used [0x00000000c0000000,0x00000000c18fbe40,0x00000000d6780000)
 Metaspace       used 52198K, capacity 56826K, committed 57088K, reserved 1099776K
  class space    used 7046K, capacity 7322K, committed 7424K, reserved 1048576K
GC Heap History (10 events):
Event: 4.014 GC heap before
{Heap before GC invocations=1 (full 0):
 PSYoungGen      total 153088K, used 78989K [0x00000000eab00000, 0x00000000f5580000, 0x0000000100000000)
  eden space 131584K, 60% used [0x00000000eab00000,0x00000000ef8236b8,0x00000000f2b80000)
  from space 21504K, 0% used [0x00000000f4080000,0x00000000f4080000,0x00000000f5580000)
  to   space 21504K, 0% used [0x00000000f2b80000,0x00000000f2b80000,0x00000000f4080000)
 ParOldGen       total 349696K, used 0K [0x00000000c0000000, 0x00000000d5580000, 0x00000000eab00000)
  object space 349696K, 0% used [0x00000000c0000000,0x00000000c0000000,0x00000000d5580000)
 Metaspace       used 20492K, capacity 21142K, committed 21296K, reserved 1067008K
  class space    used 2801K, capacity 2929K, committed 2944K, reserved 1048576K
Event: 4.040 GC heap after
Heap after GC invocations=1 (full 0):
 PSYoungGen      total 153088K, used 15312K [0x00000000eab00000, 0x00000000f5580000, 0x0000000100000000)
  eden space 131584K, 0% used [0x00000000eab00000,0x00000000eab00000,0x00000000f2b80000)
  from space 21504K, 71% used [0x00000000f2b80000,0x00000000f3a743a8,0x00000000f4080000)
  to   space 21504K, 0% used [0x00000000f4080000,0x00000000f4080000,0x00000000f5580000)
 ParOldGen       total 349696K, used 16K [0x00000000c0000000, 0x00000000d5580000, 0x00000000eab00000)
  object space 349696K, 0% used [0x00000000c0000000,0x00000000c0004000,0x00000000d5580000)
 Metaspace       used 20492K, capacity 21142K, committed 21296K, reserved 1067008K
  class space    used 2801K, capacity 2929K, committed 2944K, reserved 1048576K
}
Event: 4.040 GC heap before
{Heap before GC invocations=2 (full 1):
 PSYoungGen      total 153088K, used 15312K [0x00000000eab00000, 0x00000000f5580000, 0x0000000100000000)
  eden space 131584K, 0% used [0x00000000eab00000,0x00000000eab00000,0x00000000f2b80000)
  from space 21504K, 71% used [0x00000000f2b80000,0x00000000f3a743a8,0x00000000f4080000)
  to   space 21504K, 0% used [0x00000000f4080000,0x00000000f4080000,0x00000000f5580000)
 ParOldGen       total 349696K, used 16K [0x00000000c0000000, 0x00000000d5580000, 0x00000000eab00000)
  object space 349696K, 0% used [0x00000000c0000000,0x00000000c0004000,0x00000000d5580000)
 Metaspace       used 20492K, capacity 21142K, committed 21296K, reserved 1067008K
  class space    used 2801K, capacity 2929K, committed 2944K, reserved 1048576K
Event: 4.096 GC heap after
Heap after GC invocations=2 (full 1):
 PSYoungGen      total 153088K, used 0K [0x00000000eab00000, 0x00000000f5580000, 0x0000000100000000)
  eden space 131584K, 0% used [0x00000000eab00000,0x00000000eab00000,0x00000000f2b80000)
  from space 21504K, 0% used [0x00000000f2b80000,0x00000000f2b80000,0x00000000f4080000)
  to   space 21504K, 0% used [0x00000000f4080000,0x00000000f4080000,0x00000000f5580000)
 ParOldGen       total 349696K, used 14551K [0x00000000c0000000, 0x00000000d5580000, 0x00000000eab00000)
  object space 349696K, 4% used [0x00000000c0000000,0x00000000c0e35e88,0x00000000d5580000)
 Metaspace       used 20492K, capacity 21142K, committed 21296K, reserved 1067008K
  class space    used 2801K, capacity 2929K, committed 2944K, reserved 1048576K
}
Event: 10.414 GC heap before
{Heap before GC invocations=3 (full 1):
 PSYoungGen      total 153088K, used 81611K [0x00000000eab00000, 0x00000000f5580000, 0x0000000100000000)
  eden space 131584K, 62% used [0x00000000eab00000,0x00000000efab2e18,0x00000000f2b80000)
  from space 21504K, 0% used [0x00000000f2b80000,0x00000000f2b80000,0x00000000f4080000)
  to   space 21504K, 0% used [0x00000000f4080000,0x00000000f4080000,0x00000000f5580000)
 ParOldGen       total 349696K, used 14551K [0x00000000c0000000, 0x00000000d5580000, 0x00000000eab00000)
  object space 349696K, 4% used [0x00000000c0000000,0x00000000c0e35e88,0x00000000d5580000)
 Metaspace       used 33760K, capacity 35412K, committed 35456K, reserved 1079296K
  class space    used 4777K, capacity 4950K, committed 4992K, reserved 1048576K
Event: 10.502 GC heap after
Heap after GC invocations=3 (full 1):
 PSYoungGen      total 153088K, used 13136K [0x00000000eab00000, 0x00000000f8a80000, 0x0000000100000000)
  eden space 131584K, 0% used [0x00000000eab00000,0x00000000eab00000,0x00000000f2b80000)
  from space 21504K, 61% used [0x00000000f4080000,0x00000000f4d54210,0x00000000f5580000)
  to   space 21504K, 0% used [0x00000000f2b80000,0x00000000f2b80000,0x00000000f4080000)
 ParOldGen       total 349696K, used 14551K [0x00000000c0000000, 0x00000000d5580000, 0x00000000eab00000)
  object space 349696K, 4% used [0x00000000c0000000,0x00000000c0e35e88,0x00000000d5580000)
 Metaspace       used 33760K, capacity 35412K, committed 35456K, reserved 1079296K
  class space    used 4777K, capacity 4950K, committed 4992K, reserved 1048576K
}
Event: 10.503 GC heap before
{Heap before GC invocations=4 (full 2):
 PSYoungGen      total 153088K, used 13136K [0x00000000eab00000, 0x00000000f8a80000, 0x0000000100000000)
  eden space 131584K, 0% used [0x00000000eab00000,0x00000000eab00000,0x00000000f2b80000)
  from space 21504K, 61% used [0x00000000f4080000,0x00000000f4d54210,0x00000000f5580000)
  to   space 21504K, 0% used [0x00000000f2b80000,0x00000000f2b80000,0x00000000f4080000)
 ParOldGen       total 349696K, used 14551K [0x00000000c0000000, 0x00000000d5580000, 0x00000000eab00000)
  object space 349696K, 4% used [0x00000000c0000000,0x00000000c0e35e88,0x00000000d5580000)
 Metaspace       used 33760K, capacity 35412K, committed 35456K, reserved 1079296K
  class space    used 4777K, capacity 4950K, committed 4992K, reserved 1048576K
Event: 10.584 GC heap after
Heap after GC invocations=4 (full 2):
 PSYoungGen      total 153088K, used 0K [0x00000000eab00000, 0x00000000f8a80000, 0x0000000100000000)
  eden space 131584K, 0% used [0x00000000eab00000,0x00000000eab00000,0x00000000f2b80000)
  from space 21504K, 0% used [0x00000000f4080000,0x00000000f4080000,0x00000000f5580000)
  to   space 21504K, 0% used [0x00000000f2b80000,0x00000000f2b80000,0x00000000f4080000)
 ParOldGen       total 368128K, used 18341K [0x00000000c0000000, 0x00000000d6780000, 0x00000000eab00000)
  object space 368128K, 4% used [0x00000000c0000000,0x00000000c11e9598,0x00000000d6780000)
 Metaspace       used 33760K, capacity 35412K, committed 35456K, reserved 1079296K
  class space    used 4777K, capacity 4950K, committed 4992K, reserved 1048576K
}
Event: 18.203 GC heap before
{Heap before GC invocations=5 (full 2):
 PSYoungGen      total 153088K, used 131584K [0x00000000eab00000, 0x00000000f8a80000, 0x0000000100000000)
  eden space 131584K, 100% used [0x00000000eab00000,0x00000000f2b80000,0x00000000f2b80000)
  from space 21504K, 0% used [0x00000000f4080000,0x00000000f4080000,0x00000000f5580000)
  to   space 21504K, 0% used [0x00000000f2b80000,0x00000000f2b80000,0x00000000f4080000)
 ParOldGen       total 368128K, used 18341K [0x00000000c0000000, 0x00000000d6780000, 0x00000000eab00000)
  object space 368128K, 4% used [0x00000000c0000000,0x00000000c11e9598,0x00000000d6780000)
 Metaspace       used 50746K, capacity 54416K, committed 54656K, reserved 1097728K
  class space    used 6684K, capacity 6938K, committed 7040K, reserved 1048576K
Event: 18.474 GC heap after
Heap after GC invocations=5 (full 2):
 PSYoungGen      total 153088K, used 21475K [0x00000000eab00000, 0x00000000f9f00000, 0x0000000100000000)
  eden space 131584K, 0% used [0x00000000eab00000,0x00000000eab00000,0x00000000f2b80000)
  from space 21504K, 99% used [0x00000000f2b80000,0x00000000f4078ce0,0x00000000f4080000)
  to   space 21504K, 0% used [0x00000000f8a00000,0x00000000f8a00000,0x00000000f9f00000)
 ParOldGen       total 368128K, used 25583K [0x00000000c0000000, 0x00000000d6780000, 0x00000000eab00000)
  object space 368128K, 6% used [0x00000000c0000000,0x00000000c18fbe40,0x00000000d6780000)
 Metaspace       used 50746K, capacity 54416K, committed 54656K, reserved 1097728K
  class space    used 6684K, capacity 6938K, committed 7040K, reserved 1048576K
}

