# JRE version: Java(TM) SE Runtime Environment (8.0_40-b26) (build 1.8.0_40-b26)
# Java VM: Java HotSpot(TM) 64-Bit Server VM (25.40-b25 mixed mode windows-amd64 compressed oops)
Heap:
 PSYoungGen      total 290816K, used 134627K [0x00000000eab00000, 0x0000000100000000, 0x0000000100000000)
  eden space 232448K, 32% used [0x00000000eab00000,0x00000000ef57ba08,0x00000000f8e00000)
  from space 58368K, 99% used [0x00000000f8e00000,0x00000000fc6fd440,0x00000000fc700000)
  to   space 58368K, 0% used [0x00000000fc700000,0x00000000fc700000,0x0000000100000000)
 ParOldGen       total 651776K, used 54808K [0x00000000c0000000, 0x00000000e7c80000, 0x00000000eab00000)
  object space 651776K, 8% used [0x00000000c0000000,0x00000000c35860d8,0x00000000e7c80000)
 Metaspace       used 102119K, capacity 116064K, committed 116224K, reserved 1150976K
  class space    used 14175K, capacity 15010K, committed 15104K, reserved 1048576K
GC Heap History (10 events):
Event: 21.564 GC heap before
{Heap before GC invocations=12 (full 4):
 PSYoungGen      total 252928K, used 3868K [0x00000000eab00000, 0x00000000fd400000, 0x0000000100000000)
  eden space 209408K, 1% used [0x00000000eab00000,0x00000000eaec7028,0x00000000f7780000)
  from space 43520K, 0% used [0x00000000f7780000,0x00000000f7780000,0x00000000fa200000)
  to   space 41472K, 0% used [0x00000000fab80000,0x00000000fab80000,0x00000000fd400000)
 ParOldGen       total 651776K, used 52358K [0x00000000c0000000, 0x00000000e7c80000, 0x00000000eab00000)
  object space 651776K, 8% used [0x00000000c0000000,0x00000000c33218b0,0x00000000e7c80000)
 Metaspace       used 67784K, capacity 76478K, committed 76928K, reserved 1116160K
  class space    used 9337K, capacity 9803K, committed 9856K, reserved 1048576K
Event: 21.566 GC heap after
Heap after GC invocations=12 (full 4):
 PSYoungGen      total 259584K, used 96K [0x00000000eab00000, 0x00000000fda00000, 0x0000000100000000)
  eden space 218112K, 0% used [0x00000000eab00000,0x00000000eab00000,0x00000000f8000000)
  from space 41472K, 0% used [0x00000000fab80000,0x00000000fab98000,0x00000000fd400000)
  to   space 44544K, 0% used [0x00000000f8000000,0x00000000f8000000,0x00000000fab80000)
 ParOldGen       total 651776K, used 52358K [0x00000000c0000000, 0x00000000e7c80000, 0x00000000eab00000)
  object space 651776K, 8% used [0x00000000c0000000,0x00000000c33218b0,0x00000000e7c80000)
 Metaspace       used 67784K, capacity 76478K, committed 76928K, reserved 1116160K
  class space    used 9337K, capacity 9803K, committed 9856K, reserved 1048576K
}
Event: 21.566 GC heap before
{Heap before GC invocations=13 (full 5):
 PSYoungGen      total 259584K, used 96K [0x00000000eab00000, 0x00000000fda00000, 0x0000000100000000)
  eden space 218112K, 0% used [0x00000000eab00000,0x00000000eab00000,0x00000000f8000000)
  from space 41472K, 0% used [0x00000000fab80000,0x00000000fab98000,0x00000000fd400000)
  to   space 44544K, 0% used [0x00000000f8000000,0x00000000f8000000,0x00000000fab80000)
 ParOldGen       total 651776K, used 52358K [0x00000000c0000000, 0x00000000e7c80000, 0x00000000eab00000)
  object space 651776K, 8% used [0x00000000c0000000,0x00000000c33218b0,0x00000000e7c80000)
 Metaspace       used 67784K, capacity 76478K, committed 76928K, reserved 1116160K
  class space    used 9337K, capacity 9803K, committed 9856K, reserved 1048576K
Event: 21.707 GC heap after
Heap after GC invocations=13 (full 5):
 PSYoungGen      total 259584K, used 0K [0x00000000eab00000, 0x00000000fda00000, 0x0000000100000000)
  eden space 218112K, 0% used [0x00000000eab00000,0x00000000eab00000,0x00000000f8000000)
  from space 41472K, 0% used [0x00000000fab80000,0x00000000fab80000,0x00000000fd400000)
  to   space 44544K, 0% used [0x00000000f8000000,0x00000000f8000000,0x00000000fab80000)
 ParOldGen       total 651776K, used 50982K [0x00000000c0000000, 0x00000000e7c80000, 0x00000000eab00000)
  object space 651776K, 7% used [0x00000000c0000000,0x00000000c31c9b10,0x00000000e7c80000)
 Metaspace       used 67784K, capacity 76478K, committed 76928K, reserved 1116160K
  class space    used 9337K, capacity 9803K, committed 9856K, reserved 1048576K
}
Event: 24.130 GC heap before
{Heap before GC invocations=14 (full 5):
 PSYoungGen      total 259584K, used 218112K [0x00000000eab00000, 0x00000000fda00000, 0x0000000100000000)
  eden space 218112K, 100% used [0x00000000eab00000,0x00000000f8000000,0x00000000f8000000)
  from space 41472K, 0% used [0x00000000fab80000,0x00000000fab80000,0x00000000fd400000)
  to   space 44544K, 0% used [0x00000000f8000000,0x00000000f8000000,0x00000000fab80000)
 ParOldGen       total 651776K, used 50982K [0x00000000c0000000, 0x00000000e7c80000, 0x00000000eab00000)
  object space 651776K, 7% used [0x00000000c0000000,0x00000000c31c9b10,0x00000000e7c80000)
 Metaspace       used 73639K, capacity 83184K, committed 83456K, reserved 1122304K
  class space    used 9851K, capacity 10376K, committed 10496K, reserved 1048576K
Event: 24.181 GC heap after
Heap after GC invocations=14 (full 5):
 PSYoungGen      total 262656K, used 44077K [0x00000000eab00000, 0x0000000100000000, 0x0000000100000000)
  eden space 218112K, 0% used [0x00000000eab00000,0x00000000eab00000,0x00000000f8000000)
  from space 44544K, 98% used [0x00000000f8000000,0x00000000fab0b670,0x00000000fab80000)
  to   space 51200K, 0% used [0x00000000fce00000,0x00000000fce00000,0x0000000100000000)
 ParOldGen       total 651776K, used 50990K [0x00000000c0000000, 0x00000000e7c80000, 0x00000000eab00000)
  object space 651776K, 7% used [0x00000000c0000000,0x00000000c31cbb10,0x00000000e7c80000)
 Metaspace       used 73639K, capacity 83184K, committed 83456K, reserved 1122304K
  class space    used 9851K, capacity 10376K, committed 10496K, reserved 1048576K
}
Event: 26.872 GC heap before
{Heap before GC invocations=15 (full 5):
 PSYoungGen      total 262656K, used 262189K [0x00000000eab00000, 0x0000000100000000, 0x0000000100000000)
  eden space 218112K, 100% used [0x00000000eab00000,0x00000000f8000000,0x00000000f8000000)
  from space 44544K, 98% used [0x00000000f8000000,0x00000000fab0b670,0x00000000fab80000)
  to   space 51200K, 0% used [0x00000000fce00000,0x00000000fce00000,0x0000000100000000)
 ParOldGen       total 651776K, used 50990K [0x00000000c0000000, 0x00000000e7c80000, 0x00000000eab00000)
  object space 651776K, 7% used [0x00000000c0000000,0x00000000c31cbb10,0x00000000e7c80000)
 Metaspace       used 79611K, capacity 91636K, committed 91648K, reserved 1130496K
  class space    used 10796K, capacity 11515K, committed 11520K, reserved 1048576K
Event: 26.937 GC heap after
Heap after GC invocations=15 (full 5):
 PSYoungGen      total 283648K, used 51193K [0x00000000eab00000, 0x0000000100000000, 0x0000000100000000)
  eden space 232448K, 0% used [0x00000000eab00000,0x00000000eab00000,0x00000000f8e00000)
  from space 51200K, 99% used [0x00000000fce00000,0x00000000ffffe6a8,0x0000000100000000)
  to   space 58368K, 0% used [0x00000000f8e00000,0x00000000f8e00000,0x00000000fc700000)
 ParOldGen       total 651776K, used 51143K [0x00000000c0000000, 0x00000000e7c80000, 0x00000000eab00000)
  object space 651776K, 7% used [0x00000000c0000000,0x00000000c31f1f58,0x00000000e7c80000)
 Metaspace       used 79611K, capacity 91636K, committed 91648K, reserved 1130496K
  class space    used 10796K, capacity 11515K, committed 11520K, reserved 1048576K
}
Event: 30.053 GC heap before
{Heap before GC invocations=16 (full 5):
 PSYoungGen      total 283648K, used 283641K [0x00000000eab00000, 0x0000000100000000, 0x0000000100000000)
  eden space 232448K, 100% used [0x00000000eab00000,0x00000000f8e00000,0x00000000f8e00000)
  from space 51200K, 99% used [0x00000000fce00000,0x00000000ffffe6a8,0x0000000100000000)
  to   space 58368K, 0% used [0x00000000f8e00000,0x00000000f8e00000,0x00000000fc700000)
 ParOldGen       total 651776K, used 51143K [0x00000000c0000000, 0x00000000e7c80000, 0x00000000eab00000)
  object space 651776K, 7% used [0x00000000c0000000,0x00000000c31f1f58,0x00000000e7c80000)
 Metaspace       used 89976K, capacity 102796K, committed 103040K, reserved 1138688K
  class space    used 12400K, capacity 13151K, committed 13184K, reserved 1048576K
Event: 30.104 GC heap after
Heap after GC invocations=16 (full 5):
 PSYoungGen      total 290816K, used 58357K [0x00000000eab00000, 0x0000000100000000, 0x0000000100000000)
  eden space 232448K, 0% used [0x00000000eab00000,0x00000000eab00000,0x00000000f8e00000)
  from space 58368K, 99% used [0x00000000f8e00000,0x00000000fc6fd440,0x00000000fc700000)
  to   space 58368K, 0% used [0x00000000fc700000,0x00000000fc700000,0x0000000100000000)
 ParOldGen       total 651776K, used 54808K [0x00000000c0000000, 0x00000000e7c80000, 0x00000000eab00000)
  object space 651776K, 8% used [0x00000000c0000000,0x00000000c35860d8,0x00000000e7c80000)
 Metaspace       used 89976K, capacity 102796K, committed 103040K, reserved 1138688K
  class space    used 12400K, capacity 13151K, committed 13184K, reserved 1048576K
}

