# JRE version: Java(TM) SE Runtime Environment (8.0_144-b01) (build 1.8.0_144-b01)
# Java VM: Java HotSpot(TM) 64-Bit Server VM (25.144-b01 mixed mode windows-amd64 compressed oops)
Heap:
 PSYoungGen      total 305664K, used 79591K [0x00000000eab00000, 0x0000000100000000, 0x0000000100000000)
  eden space 263680K, 14% used [0x00000000eab00000,0x00000000ecfbf258,0x00000000fac80000)
  from space 41984K, 99% used [0x00000000fac80000,0x00000000fd57acb8,0x00000000fd580000)
  to   space 43520K, 0% used [0x00000000fd580000,0x00000000fd580000,0x0000000100000000)
 ParOldGen       total 699392K, used 94817K [0x00000000c0000000, 0x00000000eab00000, 0x00000000eab00000)
  object space 699392K, 13% used [0x00000000c0000000,0x00000000c5c98418,0x00000000eab00000)
 Metaspace       used 152899K, capacity 170720K, committed 170880K, reserved 1198080K
  class space    used 21037K, capacity 22112K, committed 22144K, reserved 1048576K
GC Heap History (10 events):
Event: 80.067 GC heap before
{Heap before GC invocations=23 (full 7):
 PSYoungGen      total 307712K, used 16906K [0x00000000eab00000, 0x0000000100000000, 0x0000000100000000)
  eden space 265216K, 0% used [0x00000000eab00000,0x00000000eab00000,0x00000000fae00000)
  from space 42496K, 39% used [0x00000000fd680000,0x00000000fe7029c0,0x0000000100000000)
  to   space 41472K, 0% used [0x00000000fae00000,0x00000000fae00000,0x00000000fd680000)
 ParOldGen       total 699392K, used 80520K [0x00000000c0000000, 0x00000000eab00000, 0x00000000eab00000)
  object space 699392K, 11% used [0x00000000c0000000,0x00000000c4ea2080,0x00000000eab00000)
 Metaspace       used 125179K, capacity 141265K, committed 141568K, reserved 1173504K
  class space    used 17388K, capacity 18328K, committed 18432K, reserved 1048576K
Event: 81.020 GC heap after
Heap after GC invocations=23 (full 7):
 PSYoungGen      total 307712K, used 0K [0x00000000eab00000, 0x0000000100000000, 0x0000000100000000)
  eden space 265216K, 0% used [0x00000000eab00000,0x00000000eab00000,0x00000000fae00000)
  from space 42496K, 0% used [0x00000000fd680000,0x00000000fd680000,0x0000000100000000)
  to   space 41472K, 0% used [0x00000000fae00000,0x00000000fae00000,0x00000000fd680000)
 ParOldGen       total 699392K, used 87279K [0x00000000c0000000, 0x00000000eab00000, 0x00000000eab00000)
  object space 699392K, 12% used [0x00000000c0000000,0x00000000c553bc50,0x00000000eab00000)
 Metaspace       used 125009K, capacity 140901K, committed 141568K, reserved 1173504K
  class space    used 17333K, capacity 18263K, committed 18432K, reserved 1048576K
}
Event: 81.026 GC heap before
{Heap before GC invocations=24 (full 7):
 PSYoungGen      total 307712K, used 4476K [0x00000000eab00000, 0x0000000100000000, 0x0000000100000000)
  eden space 265216K, 1% used [0x00000000eab00000,0x00000000eaf5f318,0x00000000fae00000)
  from space 42496K, 0% used [0x00000000fd680000,0x00000000fd680000,0x0000000100000000)
  to   space 41472K, 0% used [0x00000000fae00000,0x00000000fae00000,0x00000000fd680000)
 ParOldGen       total 699392K, used 87279K [0x00000000c0000000, 0x00000000eab00000, 0x00000000eab00000)
  object space 699392K, 12% used [0x00000000c0000000,0x00000000c553bc50,0x00000000eab00000)
 Metaspace       used 125009K, capacity 140901K, committed 141568K, reserved 1173504K
  class space    used 17333K, capacity 18263K, committed 18432K, reserved 1048576K
Event: 81.033 GC heap after
Heap after GC invocations=24 (full 7):
 PSYoungGen      total 265728K, used 96K [0x00000000eab00000, 0x0000000100000000, 0x0000000100000000)
  eden space 265216K, 0% used [0x00000000eab00000,0x00000000eab00000,0x00000000fae00000)
  from space 512K, 18% used [0x00000000fae00000,0x00000000fae18000,0x00000000fae80000)
  to   space 43520K, 0% used [0x00000000fd580000,0x00000000fd580000,0x0000000100000000)
 ParOldGen       total 699392K, used 87279K [0x00000000c0000000, 0x00000000eab00000, 0x00000000eab00000)
  object space 699392K, 12% used [0x00000000c0000000,0x00000000c553bc50,0x00000000eab00000)
 Metaspace       used 125009K, capacity 140901K, committed 141568K, reserved 1173504K
  class space    used 17333K, capacity 18263K, committed 18432K, reserved 1048576K
}
Event: 81.033 GC heap before
{Heap before GC invocations=25 (full 8):
 PSYoungGen      total 265728K, used 96K [0x00000000eab00000, 0x0000000100000000, 0x0000000100000000)
  eden space 265216K, 0% used [0x00000000eab00000,0x00000000eab00000,0x00000000fae00000)
  from space 512K, 18% used [0x00000000fae00000,0x00000000fae18000,0x00000000fae80000)
  to   space 43520K, 0% used [0x00000000fd580000,0x00000000fd580000,0x0000000100000000)
 ParOldGen       total 699392K, used 87279K [0x00000000c0000000, 0x00000000eab00000, 0x00000000eab00000)
  object space 699392K, 12% used [0x00000000c0000000,0x00000000c553bc50,0x00000000eab00000)
 Metaspace       used 125009K, capacity 140901K, committed 141568K, reserved 1173504K
  class space    used 17333K, capacity 18263K, committed 18432K, reserved 1048576K
Event: 81.573 GC heap after
Heap after GC invocations=25 (full 8):
 PSYoungGen      total 265728K, used 0K [0x00000000eab00000, 0x0000000100000000, 0x0000000100000000)
  eden space 265216K, 0% used [0x00000000eab00000,0x00000000eab00000,0x00000000fae00000)
  from space 512K, 0% used [0x00000000fae00000,0x00000000fae00000,0x00000000fae80000)
  to   space 43520K, 0% used [0x00000000fd580000,0x00000000fd580000,0x0000000100000000)
 ParOldGen       total 699392K, used 87136K [0x00000000c0000000, 0x00000000eab00000, 0x00000000eab00000)
  object space 699392K, 12% used [0x00000000c0000000,0x00000000c55180e0,0x00000000eab00000)
 Metaspace       used 125009K, capacity 140901K, committed 141568K, reserved 1173504K
  class space    used 17333K, capacity 18263K, committed 18432K, reserved 1048576K
}
Event: 95.819 GC heap before
{Heap before GC invocations=26 (full 8):
 PSYoungGen      total 265728K, used 265216K [0x00000000eab00000, 0x0000000100000000, 0x0000000100000000)
  eden space 265216K, 100% used [0x00000000eab00000,0x00000000fae00000,0x00000000fae00000)
  from space 512K, 0% used [0x00000000fae00000,0x00000000fae00000,0x00000000fae80000)
  to   space 43520K, 0% used [0x00000000fd580000,0x00000000fd580000,0x0000000100000000)
 ParOldGen       total 699392K, used 87136K [0x00000000c0000000, 0x00000000eab00000, 0x00000000eab00000)
  object space 699392K, 12% used [0x00000000c0000000,0x00000000c55180e0,0x00000000eab00000)
 Metaspace       used 125866K, capacity 141847K, committed 142208K, reserved 1173504K
  class space    used 17445K, capacity 18410K, committed 18560K, reserved 1048576K
Event: 95.851 GC heap after
Heap after GC invocations=26 (full 8):
 PSYoungGen      total 307200K, used 15052K [0x00000000eab00000, 0x0000000100000000, 0x0000000100000000)
  eden space 263680K, 0% used [0x00000000eab00000,0x00000000eab00000,0x00000000fac80000)
  from space 43520K, 34% used [0x00000000fd580000,0x00000000fe4332a0,0x0000000100000000)
  to   space 41984K, 0% used [0x00000000fac80000,0x00000000fac80000,0x00000000fd580000)
 ParOldGen       total 699392K, used 87144K [0x00000000c0000000, 0x00000000eab00000, 0x00000000eab00000)
  object space 699392K, 12% used [0x00000000c0000000,0x00000000c551a0e0,0x00000000eab00000)
 Metaspace       used 125866K, capacity 141847K, committed 142208K, reserved 1173504K
  class space    used 17445K, capacity 18410K, committed 18560K, reserved 1048576K
}
Event: 108.331 GC heap before
{Heap before GC invocations=27 (full 8):
 PSYoungGen      total 307200K, used 278732K [0x00000000eab00000, 0x0000000100000000, 0x0000000100000000)
  eden space 263680K, 100% used [0x00000000eab00000,0x00000000fac80000,0x00000000fac80000)
  from space 43520K, 34% used [0x00000000fd580000,0x00000000fe4332a0,0x0000000100000000)
  to   space 41984K, 0% used [0x00000000fac80000,0x00000000fac80000,0x00000000fd580000)
 ParOldGen       total 699392K, used 87144K [0x00000000c0000000, 0x00000000eab00000, 0x00000000eab00000)
  object space 699392K, 12% used [0x00000000c0000000,0x00000000c551a0e0,0x00000000eab00000)
 Metaspace       used 146140K, capacity 163401K, committed 163584K, reserved 1191936K
  class space    used 20399K, capacity 21455K, committed 21504K, reserved 1048576K
Event: 108.844 GC heap after
Heap after GC invocations=27 (full 8):
 PSYoungGen      total 305664K, used 41963K [0x00000000eab00000, 0x0000000100000000, 0x0000000100000000)
  eden space 263680K, 0% used [0x00000000eab00000,0x00000000eab00000,0x00000000fac80000)
  from space 41984K, 99% used [0x00000000fac80000,0x00000000fd57acb8,0x00000000fd580000)
  to   space 43520K, 0% used [0x00000000fd580000,0x00000000fd580000,0x0000000100000000)
 ParOldGen       total 699392K, used 94817K [0x00000000c0000000, 0x00000000eab00000, 0x00000000eab00000)
  object space 699392K, 13% used [0x00000000c0000000,0x00000000c5c98418,0x00000000eab00000)
 Metaspace       used 146140K, capacity 163401K, committed 163584K, reserved 1191936K
  class space    used 20399K, capacity 21455K, committed 21504K, reserved 1048576K
}

